Using pre-set license
Built from '2020.2/release' branch; Version is '2020.2.2f1 (068178b99f32) revision 426360'; Using compiler version '192528614'; Build Type 'Release'
OS: 'Windows 10 Enterprise; OS build 18363.1440; Version 1909; 64bit' Language: 'en' Physical Memory: 16304 MB
BatchMode: 1, IsHumanControllingUs: 0, StartBugReporterOnCrash: 0, Is64bit: 1, IsPro: 0

 COMMAND LINE ARGUMENTS:
C:\Program Files\Unity\Hub\Editor\2020.2.2f1\Editor\Unity.exe
-adb2
-batchMode
-noUpm
-name
AssetImportWorker0
-projectPath
C:/Users/jackson.king/Documents/jking/AdvProg_NetworkingAssets/AdvProg_NetworkingAssets
-logFile
Logs/AssetImportWorker0.log
-srvPort
49760
Successfully changed project path to: C:/Users/jackson.king/Documents/jking/AdvProg_NetworkingAssets/AdvProg_NetworkingAssets
C:/Users/jackson.king/Documents/jking/AdvProg_NetworkingAssets/AdvProg_NetworkingAssets
Using Asset Import Pipeline V2.
Refreshing native plugins compatible for Editor in 22.83 ms, found 0 plugins.
Preloading 0 native plugins for Editor in 0.00 ms.
Initialize engine version: 2020.2.2f1 (068178b99f32)
[Subsystems] Discovering subsystems at path C:/Program Files/Unity/Hub/Editor/2020.2.2f1/Editor/Data/Resources/UnitySubsystems
[Subsystems] Discovering subsystems at path C:/Users/jackson.king/Documents/jking/AdvProg_NetworkingAssets/AdvProg_NetworkingAssets/Assets
GfxDevice: creating device client; threaded=0
Direct3D:
    Version:  Direct3D 11.0 [level 11.0]
    Renderer: NVIDIA Quadro K2200  (ID=0x13ba)
    Vendor:   
    VRAM:     4035 MB
    Driver:   10.18.13.5362
Initialize mono
Mono path[0] = 'C:/Program Files/Unity/Hub/Editor/2020.2.2f1/Editor/Data/Managed'
Mono path[1] = 'C:/Program Files/Unity/Hub/Editor/2020.2.2f1/Editor/Data/MonoBleedingEdge/lib/mono/unityjit'
Mono config path = 'C:/Program Files/Unity/Hub/Editor/2020.2.2f1/Editor/Data/MonoBleedingEdge/etc'
Using monoOptions --debugger-agent=transport=dt_socket,embedding=1,server=y,suspend=n,address=127.0.0.1:56468
Begin MonoManager ReloadAssembly
Registering precompiled unity dll's ...
Register platform support module: C:/Program Files/Unity/Hub/Editor/2020.2.2f1/Editor/Data/PlaybackEngines/WindowsStandaloneSupport/UnityEditor.WindowsStandalone.Extensions.dll
Registered in 0.001182 seconds.
Native extension for WindowsStandalone target not found
Refreshing native plugins compatible for Editor in 21.61 ms, found 0 plugins.
Preloading 0 native plugins for Editor in 0.00 ms.
Invoked RoslynAnalysisRunner static constructor.
RoslynAnalysisRunner will not be running.
RoslynAnalysisRunner has terminated.
Mono: successfully reloaded assembly
- Completed reload, in  1.431 seconds
Platform modules already initialized, skipping
Registering precompiled user dll's ...
Registered in 0.000547 seconds.
Begin MonoManager ReloadAssembly
Native extension for WindowsStandalone target not found
Refreshing native plugins compatible for Editor in 0.19 ms, found 0 plugins.
Preloading 0 native plugins for Editor in 0.00 ms.
Invoked RoslynAnalysisRunner static constructor.
RoslynAnalysisRunner will not be running.
RoslynAnalysisRunner has terminated.
Mono: successfully reloaded assembly
- Completed reload, in  0.701 seconds
Platform modules already initialized, skipping
========================================================================
Worker process is ready to serve import requests
Launched and connected shader compiler UnityShaderCompiler.exe after 0.05 seconds
Refreshing native plugins compatible for Editor in 0.26 ms, found 0 plugins.
Preloading 0 native plugins for Editor in 0.00 ms.
Unloading 1099 Unused Serialized files (Serialized files now loaded: 0)
System memory in use before: 57.0 MB.
System memory in use after: 57.0 MB.

Unloading 10 unused Assets to reduce memory usage. Loaded Objects now: 1540.
Total: 1.576500 ms (FindLiveObjects: 0.104600 ms CreateObjectMapping: 0.031300 ms MarkObjects: 1.363600 ms  DeleteObjects: 0.076200 ms)

========================================================================
Received Import Request.
  path: Assets/Sci-Fi Multiplayer/Scenes/SimpleNaturePack_DemoSettings.lighting
  artifactKey: Guid(570a07f1fa2e05743b25caef127e2bcd) Importer(815301076,1909f56bfc062723c751e8b465ee728b)
Start importing Assets/Sci-Fi Multiplayer/Scenes/SimpleNaturePack_DemoSettings.lighting using Guid(570a07f1fa2e05743b25caef127e2bcd) Importer(815301076,1909f56bfc062723c751e8b465ee728b)  -> (artifact id: 'a3cf6facdef8e6cf096bb89e0827b77b') in 0.037600 seconds
  Import took 0.039426 seconds .

========================================================================
Received Import Request.
  Time since last request: 0.024812 seconds.
  path: Assets/Sci-Fi Multiplayer/Scenes/SimpleNaturePack_DemoSettings.lighting
  artifactKey: Guid(570a07f1fa2e05743b25caef127e2bcd) Importer(815301076,1909f56bfc062723c751e8b465ee728b)
Start importing Assets/Sci-Fi Multiplayer/Scenes/SimpleNaturePack_DemoSettings.lighting using Guid(570a07f1fa2e05743b25caef127e2bcd) Importer(815301076,1909f56bfc062723c751e8b465ee728b)  -> (artifact id: 'a3cf6facdef8e6cf096bb89e0827b77b') in 0.002784 seconds
  Import took 0.005330 seconds .

========================================================================
Received Import Request.
  Time since last request: 3.324653 seconds.
  path: Assets/Sci-Fi Multiplayer/Scenes/Gameplay Settings.lighting
  artifactKey: Guid(570a07f1fa2e05743b25caef127e2bcd) Importer(815301076,1909f56bfc062723c751e8b465ee728b)
Start importing Assets/Sci-Fi Multiplayer/Scenes/Gameplay Settings.lighting using Guid(570a07f1fa2e05743b25caef127e2bcd) Importer(815301076,1909f56bfc062723c751e8b465ee728b)  -> (artifact id: 'bf3931af418ca342159caba8c1325335') in 0.006890 seconds
  Import took 0.008696 seconds .

========================================================================
Received Import Request.
  Time since last request: 4.241184 seconds.
  path: Assets/Sci-Fi Multiplayer/Scenes/Gameplay Settings.lighting
  artifactKey: Guid(570a07f1fa2e05743b25caef127e2bcd) Importer(815301076,1909f56bfc062723c751e8b465ee728b)
Start importing Assets/Sci-Fi Multiplayer/Scenes/Gameplay Settings.lighting using Guid(570a07f1fa2e05743b25caef127e2bcd) Importer(815301076,1909f56bfc062723c751e8b465ee728b)  -> (artifact id: '56ac0ddd6f629e74388c2c3ca4f173c4') in 0.002820 seconds
  Import took 0.004969 seconds .

========================================================================
Received Import Request.
  Time since last request: 0.000678 seconds.
  path: Assets/Sci-Fi Multiplayer/Scenes/Gameplay Settings.lighting
  artifactKey: Guid(570a07f1fa2e05743b25caef127e2bcd) Importer(815301076,1909f56bfc062723c751e8b465ee728b)
Start importing Assets/Sci-Fi Multiplayer/Scenes/Gameplay Settings.lighting using Guid(570a07f1fa2e05743b25caef127e2bcd) Importer(815301076,1909f56bfc062723c751e8b465ee728b)  -> (artifact id: '56ac0ddd6f629e74388c2c3ca4f173c4') in 0.003231 seconds
  Import took 0.005029 seconds .

========================================================================
Received Prepare
Registering precompiled user dll's ...
Registered in 0.003489 seconds.
Begin MonoManager ReloadAssembly
Native extension for WindowsStandalone target not found
Refreshing native plugins compatible for Editor in 0.29 ms, found 0 plugins.
Preloading 0 native plugins for Editor in 0.00 ms.
Invoked RoslynAnalysisRunner static constructor.
RoslynAnalysisRunner will not be running.
RoslynAnalysisRunner has terminated.
Failed to find Mirror runtime assembly
UnityEngine.StackTraceUtility:ExtractStackTrace ()
UnityEngine.DebugLogHandler:LogFormat (UnityEngine.LogType,UnityEngine.Object,string,object[])
UnityEngine.Logger:Log (UnityEngine.LogType,object)
UnityEngine.Debug:LogError (object)
Mirror.Weaver.CompilationFinishedHook:OnCompilationFinished (string,UnityEditor.Compilation.CompilerMessage[]) (at Assets/Mirror/Editor/Weaver/CompilationFinishedHook.cs:116)
Mirror.Weaver.CompilationFinishedHook:WeaveExistingAssemblies () (at Assets/Mirror/Editor/Weaver/CompilationFinishedHook.cs:62)
Mirror.Weaver.CompilationFinishedHook:OnInitializeOnLoad () (at Assets/Mirror/Editor/Weaver/CompilationFinishedHook.cs:52)

(Filename: Assets/Mirror/Editor/Weaver/CompilationFinishedHook.cs Line: 116)

Failed to find Mirror runtime assembly
UnityEngine.StackTraceUtility:ExtractStackTrace ()
UnityEngine.DebugLogHandler:LogFormat (UnityEngine.LogType,UnityEngine.Object,string,object[])
UnityEngine.Logger:Log (UnityEngine.LogType,object)
UnityEngine.Debug:LogError (object)
Mirror.Weaver.CompilationFinishedHook:OnCompilationFinished (string,UnityEditor.Compilation.CompilerMessage[]) (at Assets/Mirror/Editor/Weaver/CompilationFinishedHook.cs:116)
Mirror.Weaver.CompilationFinishedHook:WeaveExistingAssemblies () (at Assets/Mirror/Editor/Weaver/CompilationFinishedHook.cs:62)
Mirror.Weaver.CompilationFinishedHook:OnInitializeOnLoad () (at Assets/Mirror/Editor/Weaver/CompilationFinishedHook.cs:52)

(Filename: Assets/Mirror/Editor/Weaver/CompilationFinishedHook.cs Line: 116)

[ScriptCompilation] NOT recompiling all scripts because this is an import worker process. Reason to compile was: Define symbols changed
Mono: successfully reloaded assembly
- Completed reload, in  0.865 seconds
Platform modules already initialized, skipping
Refreshing native plugins compatible for Editor in 0.64 ms, found 0 plugins.
Preloading 0 native plugins for Editor in 0.00 ms.
Unloading 1469 Unused Serialized files (Serialized files now loaded: 0)
System memory in use before: 68.1 MB.
System memory in use after: 68.1 MB.

Unloading 13 unused Assets to reduce memory usage. Loaded Objects now: 1909.
Total: 1.913800 ms (FindLiveObjects: 0.208100 ms CreateObjectMapping: 0.045300 ms MarkObjects: 1.553000 ms  DeleteObjects: 0.106500 ms)

